Using pre-set license
Built from '2020.3/staging' branch; Version is '2020.3.21f1 (a38c86f6690f) revision 10718342'; Using compiler version '192528614'; Build Type 'Release'
OS: 'Windows 10 Pro; OS build 19044.1889; Version 2009; 64bit' Language: 'ru' Physical Memory: 8012 MB
BatchMode: 1, IsHumanControllingUs: 0, StartBugReporterOnCrash: 0, Is64bit: 1, IsPro: 0

COMMAND LINE ARGUMENTS:
C:\Program Files\Unity\Hub\Editor\2020.3.21f1\Editor\Unity.exe
-adb2
-batchMode
-noUpm
-name
AssetImportWorker0
-projectPath
G:/Project/snake vs block 3d
-logFile
Logs/AssetImportWorker0.log
-srvPort
55742
Successfully changed project path to: G:/Project/snake vs block 3d
G:/Project/snake vs block 3d
Using Asset Import Pipeline V2.
Refreshing native plugins compatible for Editor in 315.75 ms, found 2 plugins.
Preloading 0 native plugins for Editor in 0.00 ms.
Initialize engine version: 2020.3.21f1 (a38c86f6690f)
[Subsystems] Discovering subsystems at path C:/Program Files/Unity/Hub/Editor/2020.3.21f1/Editor/Data/Resources/UnitySubsystems
[Subsystems] Discovering subsystems at path G:/Project/snake vs block 3d/Assets
GfxDevice: creating device client; threaded=0
Direct3D:
    Version:  Direct3D 11.0 [level 11.1]
    Renderer: NVIDIA GeForce MX150 (ID=0x1d10)
    Vendor:   
    VRAM:     1983 MB
    Driver:   31.0.15.1659
Initialize mono
Mono path[0] = 'C:/Program Files/Unity/Hub/Editor/2020.3.21f1/Editor/Data/Managed'
Mono path[1] = 'C:/Program Files/Unity/Hub/Editor/2020.3.21f1/Editor/Data/MonoBleedingEdge/lib/mono/unityjit'
Mono config path = 'C:/Program Files/Unity/Hub/Editor/2020.3.21f1/Editor/Data/MonoBleedingEdge/etc'
Using monoOptions --debugger-agent=transport=dt_socket,embedding=1,server=y,suspend=n,address=127.0.0.1:56004
Begin MonoManager ReloadAssembly
Registering precompiled unity dll's ...
Register platform support module: C:/Program Files/Unity/Hub/Editor/2020.3.21f1/Editor/Data/PlaybackEngines/WindowsStandaloneSupport/UnityEditor.WindowsStandalone.Extensions.dll
Registered in 0.013011 seconds.
Native extension for WindowsStandalone target not found
Refreshing native plugins compatible for Editor in 330.46 ms, found 2 plugins.
Preloading 0 native plugins for Editor in 0.00 ms.
Mono: successfully reloaded assembly
- Completed reload, in  6.606 seconds
Domain Reload Profiling:
	ReloadAssembly (6607ms)
		BeginReloadAssembly (334ms)
			ExecutionOrderSort (0ms)
			DisableScriptedObjects (0ms)
			BackupInstance (0ms)
			ReleaseScriptingObjects (0ms)
			CreateAndSetChildDomain (4ms)
		EndReloadAssembly (2548ms)
			LoadAssemblies (319ms)
			RebuildTransferFunctionScriptingTraits (1ms)
			SetupTypeCache (843ms)
			ReleaseScriptCaches (0ms)
			RebuildScriptCaches (174ms)
			SetupLoadedEditorAssemblies (1018ms)
				LogAssemblyErrors (0ms)
				InitializePlatformSupportModulesInManaged (20ms)
				SetLoadedEditorAssemblies (1ms)
				RefreshPlugins (331ms)
				BeforeProcessingInitializeOnLoad (51ms)
				ProcessInitializeOnLoadAttributes (453ms)
				ProcessInitializeOnLoadMethodAttributes (160ms)
				AfterProcessingInitializeOnLoad (0ms)
				EditorAssembliesLoaded (1ms)
			ExecutionOrderSort2 (0ms)
			AwakeInstancesAfterBackupRestoration (0ms)
Platform modules already initialized, skipping
Registering precompiled user dll's ...
Registered in 0.027903 seconds.
Begin MonoManager ReloadAssembly
Native extension for WindowsStandalone target not found
Refreshing native plugins compatible for Editor in 305.42 ms, found 2 plugins.
Preloading 0 native plugins for Editor in 0.00 ms.
Mono: successfully reloaded assembly
- Completed reload, in  6.176 seconds
Domain Reload Profiling:
	ReloadAssembly (6180ms)
		BeginReloadAssembly (817ms)
			ExecutionOrderSort (0ms)
			DisableScriptedObjects (35ms)
			BackupInstance (0ms)
			ReleaseScriptingObjects (0ms)
			CreateAndSetChildDomain (79ms)
		EndReloadAssembly (4975ms)
			LoadAssemblies (536ms)
			RebuildTransferFunctionScriptingTraits (0ms)
			SetupTypeCache (1765ms)
			ReleaseScriptCaches (2ms)
			RebuildScriptCaches (263ms)
			SetupLoadedEditorAssemblies (1796ms)
				LogAssemblyErrors (0ms)
				InitializePlatformSupportModulesInManaged (18ms)
				SetLoadedEditorAssemblies (1ms)
				RefreshPlugins (306ms)
				BeforeProcessingInitializeOnLoad (423ms)
				ProcessInitializeOnLoadAttributes (964ms)
				ProcessInitializeOnLoadMethodAttributes (44ms)
				AfterProcessingInitializeOnLoad (40ms)
				EditorAssembliesLoaded (1ms)
			ExecutionOrderSort2 (0ms)
			AwakeInstancesAfterBackupRestoration (33ms)
Platform modules already initialized, skipping
========================================================================
Worker process is ready to serve import requests
Launched and connected shader compiler UnityShaderCompiler.exe after 0.21 seconds
Refreshing native plugins compatible for Editor in 4.50 ms, found 2 plugins.
Preloading 0 native plugins for Editor in 0.00 ms.
Unloading 2824 Unused Serialized files (Serialized files now loaded: 0)
System memory in use before: 129.8 MB.
System memory in use after: 130.0 MB.

Unloading 20 unused Assets to reduce memory usage. Loaded Objects now: 3259.
Total: 39.142900 ms (FindLiveObjects: 1.700000 ms CreateObjectMapping: 0.699500 ms MarkObjects: 36.371000 ms  DeleteObjects: 0.367000 ms)

AssetImportParameters requested are different than current active one (requested -> active):
  custom:framework-win-MediaFoundation: 216162199b28c13a410421893ffa2e32 -> 
  custom:video-decoder-ogg-theora: a1e56fd34408186e4bbccfd4996cb3dc -> 
  custom:container-muxer-webm: aa71ff27fc2769a1b78a27578f13a17b -> 
  custom:container-demuxer-webm: 4f35f7cbe854078d1ac9338744f61a02 -> 
  custom:container-demuxer-ogg: 62fdf1f143b41e24485cea50d1cbac27 -> 
  custom:video-encoder-webm-vp8: eb34c28f22e8b96e1ab97ce403110664 -> 
  custom:video-decoder-webm-vp8: 9c59270c3fd7afecdb556c50c9e8de78 -> 
  custom:audio-decoder-ogg-vorbis: bf7c407c2cedff20999df2af8eb42d56 -> 
  custom:audio-encoder-webm-vorbis: bf7c407c2cedff20999df2af8eb42d56 -> 
========================================================================
Received Import Request.
  path: Assets/Materials/Ground 1.mat
  artifactKey: Guid(37dfd29543a68d149a50afd8a52b2950) Importer(815301076,1909f56bfc062723c751e8b465ee728b)
Start importing Assets/Materials/Ground 1.mat using Guid(37dfd29543a68d149a50afd8a52b2950) Importer(815301076,1909f56bfc062723c751e8b465ee728b)  -> (artifact id: '2e7ec36862304d6f66386ceac6359bac') in 5.162449 seconds 
  Import took 5.288920 seconds .

========================================================================
Received Import Request.
  Time since last request: 78.590286 seconds.
  path: Assets/Materials/Ground 2.mat
  artifactKey: Guid(391b2dfcc64979e439b9e8187359f9e2) Importer(815301076,1909f56bfc062723c751e8b465ee728b)
Start importing Assets/Materials/Ground 2.mat using Guid(391b2dfcc64979e439b9e8187359f9e2) Importer(815301076,1909f56bfc062723c751e8b465ee728b)  -> (artifact id: '119b332f828a2bfbaf0764b6393a3c03') in 0.097404 seconds 
  Import took 0.117578 seconds .

========================================================================
Received Import Request.
  Time since last request: 16.192014 seconds.
  path: Assets/Materials/Ground 3.mat
  artifactKey: Guid(4b680af6261addb4880588e42a41331b) Importer(815301076,1909f56bfc062723c751e8b465ee728b)
Start importing Assets/Materials/Ground 3.mat using Guid(4b680af6261addb4880588e42a41331b) Importer(815301076,1909f56bfc062723c751e8b465ee728b)  -> (artifact id: 'bcbd3ed803ac988ae3fcae0723c77538') in 0.056195 seconds 
  Import took 0.104580 seconds .

========================================================================
Received Import Request.
  Time since last request: 29.094437 seconds.
  path: Assets/Ground textures pack/Ground 01/Ground pattern 01.mat
  artifactKey: Guid(748487d582b00d847bd57517f78d8e8f) Importer(815301076,1909f56bfc062723c751e8b465ee728b)
Start importing Assets/Ground textures pack/Ground 01/Ground pattern 01.mat using Guid(748487d582b00d847bd57517f78d8e8f) Importer(815301076,1909f56bfc062723c751e8b465ee728b)  -> (artifact id: '085961fa21ad64380c77693633c6f250') in 1.185665 seconds 
  Import took 1.280618 seconds .

========================================================================
Received Import Request.
  Time since last request: 0.000763 seconds.
  path: Assets/Ground textures pack/Ground 02/Ground pattern 02.mat
  artifactKey: Guid(36508c771463abf43b7135d9539897e7) Importer(815301076,1909f56bfc062723c751e8b465ee728b)
Start importing Assets/Ground textures pack/Ground 02/Ground pattern 02.mat using Guid(36508c771463abf43b7135d9539897e7) Importer(815301076,1909f56bfc062723c751e8b465ee728b)  -> (artifact id: '738e3ed1f9308bf8ad2ba2b6cfdcb0af') in 0.325170 seconds 
  Import took 0.360480 seconds .

========================================================================
Received Import Request.
  Time since last request: 158.072382 seconds.
  path: Assets/Scenes/Level2.unity
  artifactKey: Guid(2001ede3fe5be4f47ad4219c387b386c) Importer(815301076,1909f56bfc062723c751e8b465ee728b)
Start importing Assets/Scenes/Level2.unity using Guid(2001ede3fe5be4f47ad4219c387b386c) Importer(815301076,1909f56bfc062723c751e8b465ee728b)  -> (artifact id: '3b30d4971ace96ff9c24392e2d6a7676') in 0.026695 seconds 
  Import took 0.542756 seconds .

========================================================================
Received Import Request.
  Time since last request: 8.317511 seconds.
  path: Assets/Materials/Ground 2.mat
  artifactKey: Guid(391b2dfcc64979e439b9e8187359f9e2) Importer(815301076,1909f56bfc062723c751e8b465ee728b)
Start importing Assets/Materials/Ground 2.mat using Guid(391b2dfcc64979e439b9e8187359f9e2) Importer(815301076,1909f56bfc062723c751e8b465ee728b)  -> (artifact id: 'e06952ed6ea8edaf1232e2821a0de0a3') in 0.075189 seconds 
  Import took 0.266516 seconds .

========================================================================
Received Import Request.
  Time since last request: 0.000772 seconds.
  path: Assets/Materials/Ground 3.mat
  artifactKey: Guid(4b680af6261addb4880588e42a41331b) Importer(815301076,1909f56bfc062723c751e8b465ee728b)
Start importing Assets/Materials/Ground 3.mat using Guid(4b680af6261addb4880588e42a41331b) Importer(815301076,1909f56bfc062723c751e8b465ee728b)  -> (artifact id: 'ca05c984668cdd9c3e22bc26faac2685') in 0.151914 seconds 
  Import took 0.287220 seconds .

========================================================================
Received Import Request.
  Time since last request: 422.851365 seconds.
  path: Assets/Materials/MaterialFood.mat
  artifactKey: Guid(07ecf1101aad99a4e8cdfc9f5d9a9d0f) Importer(815301076,1909f56bfc062723c751e8b465ee728b)
Start importing Assets/Materials/MaterialFood.mat using Guid(07ecf1101aad99a4e8cdfc9f5d9a9d0f) Importer(815301076,1909f56bfc062723c751e8b465ee728b)  -> (artifact id: '408c1bd0a41df3644a186bdcc2943cad') in 0.081778 seconds 
  Import took 0.244578 seconds .

========================================================================
Received Import Request.
  Time since last request: 0.000691 seconds.
  path: Assets/Materials/Snake.mat
  artifactKey: Guid(0f7d164cc79b3e841a3242647a08bcad) Importer(815301076,1909f56bfc062723c751e8b465ee728b)
Start importing Assets/Materials/Snake.mat using Guid(0f7d164cc79b3e841a3242647a08bcad) Importer(815301076,1909f56bfc062723c751e8b465ee728b)  -> (artifact id: '06adb014105959ded5f4c46182b9f4cb') in 0.073956 seconds 
  Import took 0.128547 seconds .

========================================================================
Received Import Request.
  Time since last request: 143.295399 seconds.
  path: Assets/Scenes/Level3.unity
  artifactKey: Guid(c02b8ca09052d97468fa4affa6870dab) Importer(815301076,1909f56bfc062723c751e8b465ee728b)
Start importing Assets/Scenes/Level3.unity using Guid(c02b8ca09052d97468fa4affa6870dab) Importer(815301076,1909f56bfc062723c751e8b465ee728b)  -> (artifact id: 'a55fc3e043ae6a99fbf1c64a3396cbf1') in 0.031853 seconds 
  Import took 0.154028 seconds .

========================================================================
Received Import Request.
  Time since last request: 20.777071 seconds.
  path: Assets/Scenes/Level3.unity
  artifactKey: Guid(c02b8ca09052d97468fa4affa6870dab) Importer(815301076,1909f56bfc062723c751e8b465ee728b)
Start importing Assets/Scenes/Level3.unity using Guid(c02b8ca09052d97468fa4affa6870dab) Importer(815301076,1909f56bfc062723c751e8b465ee728b)  -> (artifact id: '8d69d94eaffa5ffcbd82e6c8d9c32f2b') in 0.009796 seconds 
  Import took 0.053433 seconds .

========================================================================
Received Import Request.
  Time since last request: 13.307333 seconds.
  path: Assets/Scripts/SnakeTail.cs
  artifactKey: Guid(f081a4c80ca495e429733141c1143507) Importer(815301076,1909f56bfc062723c751e8b465ee728b)
Start importing Assets/Scripts/SnakeTail.cs using Guid(f081a4c80ca495e429733141c1143507) Importer(815301076,1909f56bfc062723c751e8b465ee728b)  -> (artifact id: '9be75c1532d2d4cc382a4f3ef7fb00fd') in 0.323900 seconds 
  Import took 0.363317 seconds .

========================================================================
Received Import Request.
  Time since last request: 3.351581 seconds.
  path: Assets/Scripts/Player.cs
  artifactKey: Guid(b9d25ec44633f6c4f9e95bf3e5d4c976) Importer(815301076,1909f56bfc062723c751e8b465ee728b)
Start importing Assets/Scripts/Player.cs using Guid(b9d25ec44633f6c4f9e95bf3e5d4c976) Importer(815301076,1909f56bfc062723c751e8b465ee728b)  -> (artifact id: '76c196ef2b2c4ae3a693368abd46bb4c') in 0.026842 seconds 
  Import took 0.184306 seconds .

========================================================================
Received Import Request.
  Time since last request: 0.419036 seconds.
  path: Assets/Scripts/NavigateMenu.cs
  artifactKey: Guid(092c48ea21dcf1f47b0dde5ea13229ad) Importer(815301076,1909f56bfc062723c751e8b465ee728b)
Start importing Assets/Scripts/NavigateMenu.cs using Guid(092c48ea21dcf1f47b0dde5ea13229ad) Importer(815301076,1909f56bfc062723c751e8b465ee728b)  -> (artifact id: '7941dd5275e896cf51b872161910d565') in 0.028147 seconds 
  Import took 0.089687 seconds .

========================================================================
Received Import Request.
  Time since last request: 0.721382 seconds.
  path: Assets/Scripts/LevelNumberText.cs
  artifactKey: Guid(7a91d116bb722c9489c6c0f722fe5abe) Importer(815301076,1909f56bfc062723c751e8b465ee728b)
Start importing Assets/Scripts/LevelNumberText.cs using Guid(7a91d116bb722c9489c6c0f722fe5abe) Importer(815301076,1909f56bfc062723c751e8b465ee728b)  -> (artifact id: '6ccfffd61db70278ed188d776ae20f07') in 0.023384 seconds 
  Import took 0.107502 seconds .

========================================================================
Received Import Request.
  Time since last request: 131.624535 seconds.
  path: Assets/URP/Shader1.shadergraph
  artifactKey: Guid(eff713a88cb59c1499f45b2c335fa617) Importer(815301076,1909f56bfc062723c751e8b465ee728b)
Start importing Assets/URP/Shader1.shadergraph using Guid(eff713a88cb59c1499f45b2c335fa617) Importer(815301076,1909f56bfc062723c751e8b465ee728b)  -> (artifact id: 'd70b6ce2210cb011f95cd8b2745d5a2a') in 0.035857 seconds 
  Import took 0.410983 seconds .

========================================================================
Received Import Request.
  Time since last request: 619.234587 seconds.
  path: Assets/URP/Shader1.shadergraph
  artifactKey: Guid(eff713a88cb59c1499f45b2c335fa617) Importer(815301076,1909f56bfc062723c751e8b465ee728b)
Start importing Assets/URP/Shader1.shadergraph using Guid(eff713a88cb59c1499f45b2c335fa617) Importer(815301076,1909f56bfc062723c751e8b465ee728b)  -> (artifact id: '1ae032a8a88cd1ddfdfce5de99a64feb') in 0.024607 seconds 
  Import took 0.159405 seconds .

========================================================================
Received Import Request.
  Time since last request: 39.353763 seconds.
  path: Assets/Scenes/Level2.unity
  artifactKey: Guid(2001ede3fe5be4f47ad4219c387b386c) Importer(815301076,1909f56bfc062723c751e8b465ee728b)
Start importing Assets/Scenes/Level2.unity using Guid(2001ede3fe5be4f47ad4219c387b386c) Importer(815301076,1909f56bfc062723c751e8b465ee728b)  -> (artifact id: '1fa9d00270c1603c1b4dc25af634addf') in 0.009723 seconds 
  Import took 0.162296 seconds .

========================================================================
Received Import Request.
  Time since last request: 205.885053 seconds.
  path: Assets/Scenes/Level1.unity
  artifactKey: Guid(9fc0d4010bbf28b4594072e72b8655ab) Importer(815301076,1909f56bfc062723c751e8b465ee728b)
Start importing Assets/Scenes/Level1.unity using Guid(9fc0d4010bbf28b4594072e72b8655ab) Importer(815301076,1909f56bfc062723c751e8b465ee728b)  -> (artifact id: '4001920c3da5b999706100da8e7fb0ab') in 0.026823 seconds 
  Import took 0.400931 seconds .

========================================================================
Received Import Request.
  Time since last request: 127.639571 seconds.
  path: Assets/Scenes/Level3.unity
  artifactKey: Guid(c02b8ca09052d97468fa4affa6870dab) Importer(815301076,1909f56bfc062723c751e8b465ee728b)
Start importing Assets/Scenes/Level3.unity using Guid(c02b8ca09052d97468fa4affa6870dab) Importer(815301076,1909f56bfc062723c751e8b465ee728b)  -> (artifact id: '8a84e0a7782326c1ecc820108a141af3') in 0.037792 seconds 
  Import took 0.061082 seconds .

========================================================================
Received Import Request.
  Time since last request: 110.827082 seconds.
  path: Assets/Scenes/Level1.unity
  artifactKey: Guid(9fc0d4010bbf28b4594072e72b8655ab) Importer(815301076,1909f56bfc062723c751e8b465ee728b)
Start importing Assets/Scenes/Level1.unity using Guid(9fc0d4010bbf28b4594072e72b8655ab) Importer(815301076,1909f56bfc062723c751e8b465ee728b)  -> (artifact id: '9f1fb65c6b050cc035e36e8ad23053b2') in 0.010657 seconds 
  Import took 0.142842 seconds .

========================================================================
Received Prepare
Registering precompiled user dll's ...
Registered in 0.030915 seconds.
Begin MonoManager ReloadAssembly
Native extension for WindowsStandalone target not found
Refreshing native plugins compatible for Editor in 3.13 ms, found 5 plugins.
Preloading 0 native plugins for Editor in 0.00 ms.
Mono: successfully reloaded assembly
- Completed reload, in  6.712 seconds
Domain Reload Profiling:
	ReloadAssembly (6721ms)
		BeginReloadAssembly (1266ms)
			ExecutionOrderSort (0ms)
			DisableScriptedObjects (114ms)
			BackupInstance (0ms)
			ReleaseScriptingObjects (0ms)
			CreateAndSetChildDomain (637ms)
		EndReloadAssembly (5048ms)
			LoadAssemblies (577ms)
			RebuildTransferFunctionScriptingTraits (2ms)
			SetupTypeCache (1923ms)
			ReleaseScriptCaches (5ms)
			RebuildScriptCaches (243ms)
			SetupLoadedEditorAssemblies (1585ms)
				LogAssemblyErrors (0ms)
				InitializePlatformSupportModulesInManaged (25ms)
				SetLoadedEditorAssemblies (3ms)
				RefreshPlugins (3ms)
				BeforeProcessingInitializeOnLoad (392ms)
				ProcessInitializeOnLoadAttributes (1071ms)
				ProcessInitializeOnLoadMethodAttributes (46ms)
				AfterProcessingInitializeOnLoad (43ms)
				EditorAssembliesLoaded (1ms)
			ExecutionOrderSort2 (0ms)
			AwakeInstancesAfterBackupRestoration (81ms)
Platform modules already initialized, skipping
Refreshing native plugins compatible for Editor in 2.99 ms, found 5 plugins.
Preloading 0 native plugins for Editor in 0.00 ms.
Unloading 2844 Unused Serialized files (Serialized files now loaded: 0)
System memory in use before: 132.1 MB.
System memory in use after: 132.1 MB.

Unloading 28 unused Assets to reduce memory usage. Loaded Objects now: 3471.
Total: 21.858900 ms (FindLiveObjects: 1.395100 ms CreateObjectMapping: 0.629200 ms MarkObjects: 19.252700 ms  DeleteObjects: 0.576100 ms)

AssetImportParameters requested are different than current active one (requested -> active):
  custom:framework-win-MediaFoundation: 216162199b28c13a410421893ffa2e32 -> 
  custom:video-decoder-ogg-theora: a1e56fd34408186e4bbccfd4996cb3dc -> 
  custom:container-muxer-webm: aa71ff27fc2769a1b78a27578f13a17b -> 
  custom:container-demuxer-webm: 4f35f7cbe854078d1ac9338744f61a02 -> 
  custom:container-demuxer-ogg: 62fdf1f143b41e24485cea50d1cbac27 -> 
  custom:video-encoder-webm-vp8: eb34c28f22e8b96e1ab97ce403110664 -> 
  custom:video-decoder-webm-vp8: 9c59270c3fd7afecdb556c50c9e8de78 -> 
  custom:audio-decoder-ogg-vorbis: bf7c407c2cedff20999df2af8eb42d56 -> 
  custom:audio-encoder-webm-vorbis: bf7c407c2cedff20999df2af8eb42d56 -> 
========================================================================
Received Import Request.
  Time since last request: 2255.610021 seconds.
  path: Assets/Scenes/Level1.unity
  artifactKey: Guid(9fc0d4010bbf28b4594072e72b8655ab) Importer(815301076,1909f56bfc062723c751e8b465ee728b)
Start importing Assets/Scenes/Level1.unity using Guid(9fc0d4010bbf28b4594072e72b8655ab) Importer(815301076,1909f56bfc062723c751e8b465ee728b)  -> (artifact id: '5f5855d22697491ae1a4a6675586c8ed') in 0.100179 seconds 
  Import took 0.197859 seconds .

AssetImportWorkerClient::OnTransportError - code=2 error=End of file
